{"C:\\Users\\USER\\Documents\\brainstorm-assessment\\src\\modules\\banner\\banner.jsx": {"path":"C:\\Users\\USER\\Documents\\brainstorm-assessment\\src\\modules\\banner\\banner.jsx","statementMap":{"0":{"start":{"line":3,"column":15},"end":{"line":55,"column":1}},"1":{"start":{"line":4,"column":2},"end":{"line":54,"column":4}}},"fnMap":{"0":{"name":"(anonymous_0)","decl":{"start":{"line":3,"column":15},"end":{"line":3,"column":16}},"loc":{"start":{"line":3,"column":21},"end":{"line":55,"column":1}},"line":3}},"branchMap":{},"s":{"0":1,"1":1},"f":{"0":1},"b":{},"_coverageSchema":"1a1c01bbd47fc00a2c39e90264f33305004495a9","hash":"2e2fa5e7417670ca1b79b37d266c8c742a94003a"}
,"C:\\Users\\USER\\Documents\\brainstorm-assessment\\src\\modules\\data-grid\\capsules-item.jsx": {"path":"C:\\Users\\USER\\Documents\\brainstorm-assessment\\src\\modules\\data-grid\\capsules-item.jsx","statementMap":{"0":{"start":{"line":3,"column":17},"end":{"line":24,"column":1}},"1":{"start":{"line":4,"column":2},"end":{"line":23,"column":4}}},"fnMap":{"0":{"name":"(anonymous_0)","decl":{"start":{"line":3,"column":17},"end":{"line":3,"column":18}},"loc":{"start":{"line":3,"column":31},"end":{"line":24,"column":1}},"line":3}},"branchMap":{},"s":{"0":1,"1":1},"f":{"0":1},"b":{},"_coverageSchema":"1a1c01bbd47fc00a2c39e90264f33305004495a9","hash":"9dc9dc6e90fd06b2ad1da7c47754dce47aa8603b"}
}
